Arguments: 
  D:\nodejs\node.exe D:\yarn\bin\yarn.js init

PATH: 
  C:\Users\何中峰\bin;D:\software\cmder\bin;D:\software\cmder\vendor\bin;D:\software\cmder\vendor\git-for-windows\bin;D:\software\cmder\vendor\git-for-windows\mingw64\bin;D:\software\cmder\vendor\git-for-windows\usr\local\bin;D:\software\cmder\vendor\git-for-windows\usr\bin;D:\software\cmder\vendor\git-for-windows\usr\bin;D:\software\cmder\vendor\git-for-windows\mingw64\bin;D:\software\cmder\vendor\git-for-windows\usr\bin;C:\Users\何中峰\bin;D:\software\cmder\vendor\conemu-maximus5\ConEmu\Scripts;D:\software\cmder\vendor\conemu-maximus5;D:\software\cmder\vendor\conemu-maximus5\ConEmu;D:\software;C:\Program Files\Microsoft MPI\Bin;C:\WINDOWS\system32;C:\WINDOWS;C:\WINDOWS\System32\Wbem;C:\WINDOWS\System32\WindowsPowerShell\v1.0;C:\WINDOWS\System32\OpenSSH;C:\Program Files\Microsoft SQL Server\Client SDK\ODBC\130\Tools\Binn;C:\Program Files (x86)\Microsoft SQL Server\140\Tools\Binn;C:\Program Files\Microsoft SQL Server\140\Tools\Binn;C:\Program Files\Microsoft SQL Server\140\DTS\Binn;D:\myexlipse\binary\com.sun.java.jdk8.win32.x86_64_1.8.0.v112\bin;D:\myexlipse\binary\com.sun.java.jdk8.win32.x86_64_1.8.0.v112\jre\bin;C:\Program Files (x86)\Common Files\Oracle\Java\javapath;D:\Apache+php\Apache\Apache24\bin;D:\php\php-7.3.8-Win32-VC15-x64;C:\Program Files\Microsoft SQL Server\Client SDK\ODBC\170\Tools\Binn;D:\idea_littlebaby\apache-maven-3.6.3\bin;D:\nodejs;D:\yarn\bin;D:\software\Git\cmd;D:\software\MySQL\bin;C:\Users\何中峰\AppData\Local\Programs\Python\Python38\Scripts;C:\Users\何中峰\AppData\Local\Programs\Python\Python38;D:\IntelliJ IDEA 2019.2\bin;C:\Users\何中峰\AppData\Local\Microsoft\WindowsApps;D:\Microsoft VS Code\bin;C:\Users\何中峰\AppData\Roaming\npm;C:\Users\何中峰\AppData\Local\Yarn\bin;C:\Users\何中峰\AppData\Local\GitHubDesktop\bin;D:\software\cmder;D:\software\cmder\vendor\git-for-windows\usr\bin\vendor_perl;D:\software\cmder\vendor\git-for-windows\usr\bin\core_perl

Yarn version: 
  1.22.4

Node version: 
  12.16.1

Platform: 
  win32 x64

Trace: 
  Error: canceled
      at Interface.<anonymous> (D:\yarn\lib\cli.js:137008:13)
      at Interface.emit (events.js:311:20)
      at Interface._ttyWrite (readline.js:893:16)
      at ReadStream.onkeypress (readline.js:198:10)
      at ReadStream.emit (events.js:311:20)
      at emitKeys (internal/readline/utils.js:438:14)
      at emitKeys.next (<anonymous>)
      at ReadStream.onData (readline.js:1160:36)
      at ReadStream.emit (events.js:311:20)
      at addChunk (_stream_readable.js:294:12)

npm manifest: 
  {
    "name": "vue-ui-frame",
    "version": "0.0.3",
    "description": "这是个Vue的UI仓库",
    "main": "dist/index.js",
    "scripts": {
      "dev-test": "parcel watch ./test/* --no-cache && karma start",
      "test": "parcel build test/* --no-cache --no-minify && karma start --single-run",
      "docs:dev": "vuepress dev docs",
      "docs:build": "vuepress build docs"
    },
    "repository": {
      "type": "git",
      "url": "git+https://github.com/1446450047/Vue-UI-Frame.git"
    },
    "keywords": [
      "Vue",
      "UI",
      "frame"
    ],
    "author": "何中峰",
    "license": "MIT",
    "bugs": {
      "url": "https://github.com/1446450047/Vue-UI-Frame/issues"
    },
    "homepage": "https://github.com/1446450047/Vue-UI-Frame#readme",
    "dependencies": {
      "chai-spies": "^1.0.0",
      "vue": "^2.6.11",
      "vue-server-renderer": "2.6.11",
      "vue-hot-reload-api": "^2.3.4"
    },
    "devDependencies": {
      "@vue/component-compiler-utils": "^3.1.2",
      "chai": "*",
      "karma": "^5.0.5",
      "karma-chai": "^0.1.0",
      "karma-chai-spies": "^0.1.4",
      "karma-chrome-launcher": "^3.1.0",
      "karma-mocha": "^2.0.1",
      "karma-sinon-chai": "^2.0.2",
      "mocha": "^7.1.2",
      "parcel-bundler": "^1.12.4",
      "sass": "^1.26.5",
      "sass-loader": "^8.0.2",
      "sinon": "^9.0.2",
      "sinon-chai": "^3.5.0",
      "vue-template-compiler": "^2.6.11",
      "vuepress": "^1.5.0"
    },
    "alias": {
      "vue": "./node_modules/vue/dist/vue.common.js"
    }
  }

yarn manifest: 
  No manifest

Lockfile: 
  No lockfile
